<?xml version="1.0" encoding="UTF-8"?>
<!-- Generated by org.testng.reporters.JUnitXMLReporter -->
<testsuite hostname="D-1007" ignored="8" name="Testchrome" tests="1" failures="0" timestamp="25 Feb 2019 17:14:41 GMT" time="29.918" errors="0">
  <testcase name="Clone_Agent_With_3_Digits" time="22.613" classname="com.test.admin.uiAutomation.homePage.TC007_agentPage"/>
  <testcase name="Clone_Agent_With_Empty_AgentID" time="0.0" classname="com.test.admin.uiAutomation.homePage.TC007_agentPage">
    <ignored/>
  </testcase> <!-- Clone_Agent_With_Empty_AgentID -->
  <testcase name="Clone_Agent_With_8_Digits" time="0.0" classname="com.test.admin.uiAutomation.homePage.TC007_agentPage">
    <ignored/>
  </testcase> <!-- Clone_Agent_With_8_Digits -->
  <testcase name="Clone_Agent_Full_name" time="0.0" classname="com.test.admin.uiAutomation.homePage.TC007_agentPage">
    <ignored/>
  </testcase> <!-- Clone_Agent_Full_name -->
  <testcase name="Clone_Agent_empty_Password" time="0.0" classname="com.test.admin.uiAutomation.homePage.TC007_agentPage">
    <ignored/>
  </testcase> <!-- Clone_Agent_empty_Password -->
  <testcase name="Clone_Agent_With_Letters" time="0.0" classname="com.test.admin.uiAutomation.homePage.TC007_agentPage">
    <ignored/>
  </testcase> <!-- Clone_Agent_With_Letters -->
  <testcase name="agent_create_delete_modify" time="0.0" classname="com.test.admin.uiAutomation.homePage.TC007_agentPage">
    <ignored/>
  </testcase> <!-- agent_create_delete_modify -->
  <testcase name="Clone_Agent_oneLetter_Password" time="0.0" classname="com.test.admin.uiAutomation.homePage.TC007_agentPage">
    <ignored/>
  </testcase> <!-- Clone_Agent_oneLetter_Password -->
  <testcase name="Clone_Agent_Invalid_Password" time="0.0" classname="com.test.admin.uiAutomation.homePage.TC007_agentPage">
    <ignored/>
  </testcase> <!-- Clone_Agent_Invalid_Password -->
</testsuite> <!-- Testchrome -->
