<?xml version="1.0" encoding="UTF-8"?>
<testng-results skipped="0" failed="0" ignored="8" total="9" passed="1">
  <reporter-output>
  </reporter-output>
  <suite name="Suite" duration-ms="25957" started-at="2018-12-28T22:19:30Z" finished-at="2018-12-28T22:19:56Z">
    <groups>
    </groups>
    <test name="Testchrome" duration-ms="25957" started-at="2018-12-28T22:19:30Z" finished-at="2018-12-28T22:19:56Z">
      <class name="com.test.admin.uiAutomation.homePage.TC007_agentPage">
        <test-method status="PASS" signature="setUpExtentReport()[pri:0, instance:com.test.admin.uiAutomation.homePage.TC007_agentPage@2d8f65a4]" name="setUpExtentReport" is-config="true" duration-ms="144" started-at="2018-12-28T22:19:30Z" finished-at="2018-12-28T22:19:30Z">
          <reporter-output>
          </reporter-output>
        </test-method> <!-- setUpExtentReport -->
        <test-method status="PASS" signature="setUp(java.lang.String)[pri:0, instance:com.test.admin.uiAutomation.homePage.TC007_agentPage@2d8f65a4]" name="setUp" is-config="true" duration-ms="6775" started-at="2018-12-28T22:19:30Z" finished-at="2018-12-28T22:19:36Z">
          <params>
            <param index="0">
              <value>
                <![CDATA[chrome]]>
              </value>
            </param>
          </params>
          <reporter-output>
          </reporter-output>
        </test-method> <!-- setUp -->
        <test-method status="PASS" signature="Clone_Agent_With_3_Digits()[pri:0, instance:com.test.admin.uiAutomation.homePage.TC007_agentPage@2d8f65a4]" name="Clone_Agent_With_3_Digits" duration-ms="18892" started-at="2018-12-28T22:19:36Z" finished-at="2018-12-28T22:19:55Z">
          <reporter-output>
          </reporter-output>
        </test-method> <!-- Clone_Agent_With_3_Digits -->
        <test-method status="PASS" signature="getResult(org.testng.ITestResult)[pri:0, instance:com.test.admin.uiAutomation.homePage.TC007_agentPage@2d8f65a4]" name="getResult" is-config="true" duration-ms="271" started-at="2018-12-28T22:19:55Z" finished-at="2018-12-28T22:19:56Z">
          <params>
            <param index="0">
              <value>
                <![CDATA[[TestResult name=Clone_Agent_With_3_Digits status=SUCCESS method=TC007_agentPage.Clone_Agent_With_3_Digits()[pri:0, instance:com.test.admin.uiAutomation.homePage.TC007_agentPage@2d8f65a4] output={null}]]]>
              </value>
            </param>
          </params>
          <reporter-output>
          </reporter-output>
        </test-method> <!-- getResult -->
        <test-method status="PASS" signature="endTest()[pri:0, instance:com.test.admin.uiAutomation.homePage.TC007_agentPage@2d8f65a4]" name="endTest" is-config="true" duration-ms="0" started-at="2018-12-28T22:19:55Z" finished-at="2018-12-28T22:19:55Z">
          <reporter-output>
          </reporter-output>
        </test-method> <!-- endTest -->
        <test-method status="PASS" signature="tearDown()[pri:0, instance:com.test.admin.uiAutomation.homePage.TC007_agentPage@2d8f65a4]" name="tearDown" is-config="true" duration-ms="489" started-at="2018-12-28T22:19:56Z" finished-at="2018-12-28T22:19:56Z">
          <reporter-output>
          </reporter-output>
        </test-method> <!-- tearDown -->
      </class> <!-- com.test.admin.uiAutomation.homePage.TC007_agentPage -->
    </test> <!-- Testchrome -->
  </suite> <!-- Suite -->
</testng-results>
