<?xml version="1.0" encoding="UTF-8"?>
<testng-results skipped="0" failed="0" ignored="0" total="1" passed="1">
  <reporter-output>
  </reporter-output>
  <suite name="Suite" duration-ms="31515" started-at="2019-06-28T20:12:30Z" finished-at="2019-06-28T20:13:01Z">
    <groups>
    </groups>
    <test name="Testchrome" duration-ms="31515" started-at="2019-06-28T20:12:30Z" finished-at="2019-06-28T20:13:01Z">
      <class name="com.test.admin.uiAutomation.homePage.TC_ReportSection">
        <test-method status="PASS" signature="setUpExtentReport()[pri:0, instance:com.test.admin.uiAutomation.homePage.TC_ReportSection@6eceb130]" name="setUpExtentReport" is-config="true" duration-ms="196" started-at="2019-06-28T20:12:30Z" finished-at="2019-06-28T20:12:30Z">
          <reporter-output>
          </reporter-output>
        </test-method> <!-- setUpExtentReport -->
        <test-method status="PASS" signature="setUp(java.lang.String)[pri:0, instance:com.test.admin.uiAutomation.homePage.TC_ReportSection@6eceb130]" name="setUp" is-config="true" duration-ms="6275" started-at="2019-06-28T20:12:30Z" finished-at="2019-06-28T20:12:36Z">
          <params>
            <param index="0">
              <value>
                <![CDATA[chrome]]>
              </value>
            </param>
          </params>
          <reporter-output>
          </reporter-output>
        </test-method> <!-- setUp -->
        <test-method status="PASS" signature="Clone_Agent_With_Empty_AgentID()[pri:0, instance:com.test.admin.uiAutomation.homePage.TC_ReportSection@6eceb130]" name="Clone_Agent_With_Empty_AgentID" duration-ms="25021" started-at="2019-06-28T20:12:36Z" finished-at="2019-06-28T20:13:01Z">
          <reporter-output>
          </reporter-output>
        </test-method> <!-- Clone_Agent_With_Empty_AgentID -->
        <test-method status="PASS" signature="getResult(org.testng.ITestResult)[pri:0, instance:com.test.admin.uiAutomation.homePage.TC_ReportSection@6eceb130]" name="getResult" is-config="true" duration-ms="203" started-at="2019-06-28T20:13:01Z" finished-at="2019-06-28T20:13:01Z">
          <params>
            <param index="0">
              <value>
                <![CDATA[[TestResult name=Clone_Agent_With_Empty_AgentID status=SUCCESS method=TC_ReportSection.Clone_Agent_With_Empty_AgentID()[pri:0, instance:com.test.admin.uiAutomation.homePage.TC_ReportSection@6eceb130] output={null}]]]>
              </value>
            </param>
          </params>
          <reporter-output>
          </reporter-output>
        </test-method> <!-- getResult -->
        <test-method status="PASS" signature="tearDown()[pri:0, instance:com.test.admin.uiAutomation.homePage.TC_ReportSection@6eceb130]" name="tearDown" is-config="true" duration-ms="249" started-at="2019-06-28T20:13:01Z" finished-at="2019-06-28T20:13:02Z">
          <reporter-output>
          </reporter-output>
        </test-method> <!-- tearDown -->
      </class> <!-- com.test.admin.uiAutomation.homePage.TC_ReportSection -->
    </test> <!-- Testchrome -->
  </suite> <!-- Suite -->
</testng-results>
